0 info it worked if it ends with ok
1 verbose cli [ 'C:\\Program Files\\nodejs\\node.exe',
1 verbose cli   'C:\\Program Files\\nodejs\\node_modules\\npm\\bin\\npm-cli.js',
1 verbose cli   'update',
1 verbose cli   '--scripts-prepend-node-path=auto' ]
2 info using npm@3.10.10
3 info using node@v6.11.3
4 silly mapToRegistry name axios
5 silly mapToRegistry using default registry
6 silly mapToRegistry registry https://registry.npmjs.org/
7 silly mapToRegistry data Result {
7 silly mapToRegistry   raw: 'axios',
7 silly mapToRegistry   scope: null,
7 silly mapToRegistry   escapedName: 'axios',
7 silly mapToRegistry   name: 'axios',
7 silly mapToRegistry   rawSpec: '',
7 silly mapToRegistry   spec: 'latest',
7 silly mapToRegistry   type: 'tag' }
8 silly mapToRegistry uri https://registry.npmjs.org/axios
9 silly mapToRegistry name bootstrap
10 silly mapToRegistry using default registry
11 silly mapToRegistry registry https://registry.npmjs.org/
12 silly mapToRegistry data Result {
12 silly mapToRegistry   raw: 'bootstrap',
12 silly mapToRegistry   scope: null,
12 silly mapToRegistry   escapedName: 'bootstrap',
12 silly mapToRegistry   name: 'bootstrap',
12 silly mapToRegistry   rawSpec: '',
12 silly mapToRegistry   spec: 'latest',
12 silly mapToRegistry   type: 'tag' }
13 silly mapToRegistry uri https://registry.npmjs.org/bootstrap
14 silly mapToRegistry name fs
15 silly mapToRegistry using default registry
16 silly mapToRegistry registry https://registry.npmjs.org/
17 silly mapToRegistry data Result {
17 silly mapToRegistry   raw: 'fs',
17 silly mapToRegistry   scope: null,
17 silly mapToRegistry   escapedName: 'fs',
17 silly mapToRegistry   name: 'fs',
17 silly mapToRegistry   rawSpec: '',
17 silly mapToRegistry   spec: 'latest',
17 silly mapToRegistry   type: 'tag' }
18 silly mapToRegistry uri https://registry.npmjs.org/fs
19 silly mapToRegistry name gh-pages
20 silly mapToRegistry using default registry
21 silly mapToRegistry registry https://registry.npmjs.org/
22 silly mapToRegistry data Result {
22 silly mapToRegistry   raw: 'gh-pages',
22 silly mapToRegistry   scope: null,
22 silly mapToRegistry   escapedName: 'gh-pages',
22 silly mapToRegistry   name: 'gh-pages',
22 silly mapToRegistry   rawSpec: '',
22 silly mapToRegistry   spec: 'latest',
22 silly mapToRegistry   type: 'tag' }
23 silly mapToRegistry uri https://registry.npmjs.org/gh-pages
24 silly mapToRegistry name glob
25 silly mapToRegistry using default registry
26 silly mapToRegistry registry https://registry.npmjs.org/
27 silly mapToRegistry data Result {
27 silly mapToRegistry   raw: 'glob',
27 silly mapToRegistry   scope: null,
27 silly mapToRegistry   escapedName: 'glob',
27 silly mapToRegistry   name: 'glob',
27 silly mapToRegistry   rawSpec: '',
27 silly mapToRegistry   spec: 'latest',
27 silly mapToRegistry   type: 'tag' }
28 silly mapToRegistry uri https://registry.npmjs.org/glob
29 silly mapToRegistry name isomorphic-style-loader
30 silly mapToRegistry using default registry
31 silly mapToRegistry registry https://registry.npmjs.org/
32 silly mapToRegistry data Result {
32 silly mapToRegistry   raw: 'isomorphic-style-loader',
32 silly mapToRegistry   scope: null,
32 silly mapToRegistry   escapedName: 'isomorphic-style-loader',
32 silly mapToRegistry   name: 'isomorphic-style-loader',
32 silly mapToRegistry   rawSpec: '',
32 silly mapToRegistry   spec: 'latest',
32 silly mapToRegistry   type: 'tag' }
33 silly mapToRegistry uri https://registry.npmjs.org/isomorphic-style-loader
34 silly mapToRegistry name jQuery
35 silly mapToRegistry using default registry
36 silly mapToRegistry registry https://registry.npmjs.org/
37 silly mapToRegistry data Result {
37 silly mapToRegistry   raw: 'jQuery',
37 silly mapToRegistry   scope: null,
37 silly mapToRegistry   escapedName: 'jQuery',
37 silly mapToRegistry   name: 'jQuery',
37 silly mapToRegistry   rawSpec: '',
37 silly mapToRegistry   spec: 'latest',
37 silly mapToRegistry   type: 'tag' }
38 silly mapToRegistry uri https://registry.npmjs.org/jQuery
39 silly mapToRegistry name material-ui
40 silly mapToRegistry using default registry
41 silly mapToRegistry registry https://registry.npmjs.org/
42 silly mapToRegistry data Result {
42 silly mapToRegistry   raw: 'material-ui',
42 silly mapToRegistry   scope: null,
42 silly mapToRegistry   escapedName: 'material-ui',
42 silly mapToRegistry   name: 'material-ui',
42 silly mapToRegistry   rawSpec: '',
42 silly mapToRegistry   spec: 'latest',
42 silly mapToRegistry   type: 'tag' }
43 silly mapToRegistry uri https://registry.npmjs.org/material-ui
44 silly mapToRegistry name prop-types
45 silly mapToRegistry using default registry
46 silly mapToRegistry registry https://registry.npmjs.org/
47 silly mapToRegistry data Result {
47 silly mapToRegistry   raw: 'prop-types',
47 silly mapToRegistry   scope: null,
47 silly mapToRegistry   escapedName: 'prop-types',
47 silly mapToRegistry   name: 'prop-types',
47 silly mapToRegistry   rawSpec: '',
47 silly mapToRegistry   spec: 'latest',
47 silly mapToRegistry   type: 'tag' }
48 silly mapToRegistry uri https://registry.npmjs.org/prop-types
49 silly mapToRegistry name react
50 silly mapToRegistry using default registry
51 silly mapToRegistry registry https://registry.npmjs.org/
52 silly mapToRegistry data Result {
52 silly mapToRegistry   raw: 'react',
52 silly mapToRegistry   scope: null,
52 silly mapToRegistry   escapedName: 'react',
52 silly mapToRegistry   name: 'react',
52 silly mapToRegistry   rawSpec: '',
52 silly mapToRegistry   spec: 'latest',
52 silly mapToRegistry   type: 'tag' }
53 silly mapToRegistry uri https://registry.npmjs.org/react
54 silly mapToRegistry name react-bootstrap
55 silly mapToRegistry using default registry
56 silly mapToRegistry registry https://registry.npmjs.org/
57 silly mapToRegistry data Result {
57 silly mapToRegistry   raw: 'react-bootstrap',
57 silly mapToRegistry   scope: null,
57 silly mapToRegistry   escapedName: 'react-bootstrap',
57 silly mapToRegistry   name: 'react-bootstrap',
57 silly mapToRegistry   rawSpec: '',
57 silly mapToRegistry   spec: 'latest',
57 silly mapToRegistry   type: 'tag' }
58 silly mapToRegistry uri https://registry.npmjs.org/react-bootstrap
59 silly mapToRegistry name react-confirm
60 silly mapToRegistry using default registry
61 silly mapToRegistry registry https://registry.npmjs.org/
62 silly mapToRegistry data Result {
62 silly mapToRegistry   raw: 'react-confirm',
62 silly mapToRegistry   scope: null,
62 silly mapToRegistry   escapedName: 'react-confirm',
62 silly mapToRegistry   name: 'react-confirm',
62 silly mapToRegistry   rawSpec: '',
62 silly mapToRegistry   spec: 'latest',
62 silly mapToRegistry   type: 'tag' }
63 silly mapToRegistry uri https://registry.npmjs.org/react-confirm
64 silly mapToRegistry name react-dom
65 silly mapToRegistry using default registry
66 silly mapToRegistry registry https://registry.npmjs.org/
67 silly mapToRegistry data Result {
67 silly mapToRegistry   raw: 'react-dom',
67 silly mapToRegistry   scope: null,
67 silly mapToRegistry   escapedName: 'react-dom',
67 silly mapToRegistry   name: 'react-dom',
67 silly mapToRegistry   rawSpec: '',
67 silly mapToRegistry   spec: 'latest',
67 silly mapToRegistry   type: 'tag' }
68 silly mapToRegistry uri https://registry.npmjs.org/react-dom
69 silly mapToRegistry name react-file-download
70 silly mapToRegistry using default registry
71 silly mapToRegistry registry https://registry.npmjs.org/
72 silly mapToRegistry data Result {
72 silly mapToRegistry   raw: 'react-file-download',
72 silly mapToRegistry   scope: null,
72 silly mapToRegistry   escapedName: 'react-file-download',
72 silly mapToRegistry   name: 'react-file-download',
72 silly mapToRegistry   rawSpec: '',
72 silly mapToRegistry   spec: 'latest',
72 silly mapToRegistry   type: 'tag' }
73 silly mapToRegistry uri https://registry.npmjs.org/react-file-download
74 silly mapToRegistry name react-files
75 silly mapToRegistry using default registry
76 silly mapToRegistry registry https://registry.npmjs.org/
77 silly mapToRegistry data Result {
77 silly mapToRegistry   raw: 'react-files',
77 silly mapToRegistry   scope: null,
77 silly mapToRegistry   escapedName: 'react-files',
77 silly mapToRegistry   name: 'react-files',
77 silly mapToRegistry   rawSpec: '',
77 silly mapToRegistry   spec: 'latest',
77 silly mapToRegistry   type: 'tag' }
78 silly mapToRegistry uri https://registry.npmjs.org/react-files
79 silly mapToRegistry name react-image
80 silly mapToRegistry using default registry
81 silly mapToRegistry registry https://registry.npmjs.org/
82 silly mapToRegistry data Result {
82 silly mapToRegistry   raw: 'react-image',
82 silly mapToRegistry   scope: null,
82 silly mapToRegistry   escapedName: 'react-image',
82 silly mapToRegistry   name: 'react-image',
82 silly mapToRegistry   rawSpec: '',
82 silly mapToRegistry   spec: 'latest',
82 silly mapToRegistry   type: 'tag' }
83 silly mapToRegistry uri https://registry.npmjs.org/react-image
84 silly mapToRegistry name react-router-dom
85 silly mapToRegistry using default registry
86 silly mapToRegistry registry https://registry.npmjs.org/
87 silly mapToRegistry data Result {
87 silly mapToRegistry   raw: 'react-router-dom',
87 silly mapToRegistry   scope: null,
87 silly mapToRegistry   escapedName: 'react-router-dom',
87 silly mapToRegistry   name: 'react-router-dom',
87 silly mapToRegistry   rawSpec: '',
87 silly mapToRegistry   spec: 'latest',
87 silly mapToRegistry   type: 'tag' }
88 silly mapToRegistry uri https://registry.npmjs.org/react-router-dom
89 silly mapToRegistry name react-scripts
90 silly mapToRegistry using default registry
91 silly mapToRegistry registry https://registry.npmjs.org/
92 silly mapToRegistry data Result {
92 silly mapToRegistry   raw: 'react-scripts',
92 silly mapToRegistry   scope: null,
92 silly mapToRegistry   escapedName: 'react-scripts',
92 silly mapToRegistry   name: 'react-scripts',
92 silly mapToRegistry   rawSpec: '',
92 silly mapToRegistry   spec: 'latest',
92 silly mapToRegistry   type: 'tag' }
93 silly mapToRegistry uri https://registry.npmjs.org/react-scripts
94 silly mapToRegistry name react-tap-event-plugin
95 silly mapToRegistry using default registry
96 silly mapToRegistry registry https://registry.npmjs.org/
97 silly mapToRegistry data Result {
97 silly mapToRegistry   raw: 'react-tap-event-plugin',
97 silly mapToRegistry   scope: null,
97 silly mapToRegistry   escapedName: 'react-tap-event-plugin',
97 silly mapToRegistry   name: 'react-tap-event-plugin',
97 silly mapToRegistry   rawSpec: '',
97 silly mapToRegistry   spec: 'latest',
97 silly mapToRegistry   type: 'tag' }
98 silly mapToRegistry uri https://registry.npmjs.org/react-tap-event-plugin
99 silly mapToRegistry name jquery
100 silly mapToRegistry using default registry
101 silly mapToRegistry registry https://registry.npmjs.org/
102 silly mapToRegistry data Result {
102 silly mapToRegistry   raw: 'jquery',
102 silly mapToRegistry   scope: null,
102 silly mapToRegistry   escapedName: 'jquery',
102 silly mapToRegistry   name: 'jquery',
102 silly mapToRegistry   rawSpec: '',
102 silly mapToRegistry   spec: 'latest',
102 silly mapToRegistry   type: 'tag' }
103 silly mapToRegistry uri https://registry.npmjs.org/jquery
104 silly mapToRegistry name YourDialog
105 silly mapToRegistry using default registry
106 silly mapToRegistry registry https://registry.npmjs.org/
107 silly mapToRegistry data Result {
107 silly mapToRegistry   raw: 'YourDialog',
107 silly mapToRegistry   scope: null,
107 silly mapToRegistry   escapedName: 'YourDialog',
107 silly mapToRegistry   name: 'YourDialog',
107 silly mapToRegistry   rawSpec: '',
107 silly mapToRegistry   spec: 'latest',
107 silly mapToRegistry   type: 'tag' }
108 silly mapToRegistry uri https://registry.npmjs.org/YourDialog
109 silly mapToRegistry name jquery
110 silly mapToRegistry using default registry
111 silly mapToRegistry registry https://registry.npmjs.org/
112 silly mapToRegistry data Result {
112 silly mapToRegistry   raw: 'jquery',
112 silly mapToRegistry   scope: null,
112 silly mapToRegistry   escapedName: 'jquery',
112 silly mapToRegistry   name: 'jquery',
112 silly mapToRegistry   rawSpec: '',
112 silly mapToRegistry   spec: 'latest',
112 silly mapToRegistry   type: 'tag' }
113 silly mapToRegistry uri https://registry.npmjs.org/jquery
114 silly mapToRegistry name react-scripts
115 silly mapToRegistry using default registry
116 silly mapToRegistry registry https://registry.npmjs.org/
117 silly mapToRegistry data Result {
117 silly mapToRegistry   raw: 'react-scripts',
117 silly mapToRegistry   scope: null,
117 silly mapToRegistry   escapedName: 'react-scripts',
117 silly mapToRegistry   name: 'react-scripts',
117 silly mapToRegistry   rawSpec: '',
117 silly mapToRegistry   spec: 'latest',
117 silly mapToRegistry   type: 'tag' }
118 silly mapToRegistry uri https://registry.npmjs.org/react-scripts
119 verbose request uri https://registry.npmjs.org/YourDialog
120 verbose request no auth needed
121 info attempt registry request try #1 at 9:14:56 AM
122 verbose request id 4898db37e912a0ef
123 http request GET https://registry.npmjs.org/YourDialog
124 verbose request uri https://registry.npmjs.org/fs
125 verbose request no auth needed
126 info attempt registry request try #1 at 9:14:56 AM
127 verbose etag W/"59d4bff4-dc2"
128 verbose lastModified Wed, 04 Oct 2017 11:03:16 GMT
129 http request GET https://registry.npmjs.org/fs
130 verbose request uri https://registry.npmjs.org/axios
131 verbose request no auth needed
132 info attempt registry request try #1 at 9:14:56 AM
133 verbose etag W/"59e135a9-173e7"
134 verbose lastModified Fri, 13 Oct 2017 21:52:41 GMT
135 http request GET https://registry.npmjs.org/axios
136 verbose request uri https://registry.npmjs.org/bootstrap
137 verbose request no auth needed
138 info attempt registry request try #1 at 9:14:56 AM
139 verbose etag W/"59ddb381-e3dc"
140 verbose lastModified Wed, 11 Oct 2017 06:00:33 GMT
141 http request GET https://registry.npmjs.org/bootstrap
142 verbose request uri https://registry.npmjs.org/isomorphic-style-loader
143 verbose request no auth needed
144 info attempt registry request try #1 at 9:14:56 AM
145 verbose etag W/"5992b80c-b0dc"
146 verbose lastModified Tue, 15 Aug 2017 08:59:56 GMT
147 http request GET https://registry.npmjs.org/isomorphic-style-loader
148 verbose request uri https://registry.npmjs.org/gh-pages
149 verbose request no auth needed
150 info attempt registry request try #1 at 9:14:56 AM
151 verbose etag W/"59ccb613-8062"
152 verbose lastModified Thu, 28 Sep 2017 08:42:59 GMT
153 http request GET https://registry.npmjs.org/gh-pages
154 verbose request uri https://registry.npmjs.org/jQuery
155 verbose request no auth needed
156 info attempt registry request try #1 at 9:14:56 AM
157 verbose etag W/"59df7201-162d4"
158 verbose lastModified Thu, 12 Oct 2017 13:45:37 GMT
159 http request GET https://registry.npmjs.org/jQuery
160 verbose request uri https://registry.npmjs.org/glob
161 verbose request no auth needed
162 info attempt registry request try #1 at 9:14:56 AM
163 verbose etag W/"59ddeff9-1ffce"
164 verbose lastModified Wed, 11 Oct 2017 10:18:33 GMT
165 http request GET https://registry.npmjs.org/glob
166 verbose request uri https://registry.npmjs.org/prop-types
167 verbose request no auth needed
168 info attempt registry request try #1 at 9:14:56 AM
169 verbose etag W/"59df0ea5-aa85"
170 verbose lastModified Thu, 12 Oct 2017 06:41:41 GMT
171 http request GET https://registry.npmjs.org/prop-types
172 verbose request uri https://registry.npmjs.org/material-ui
173 verbose request no auth needed
174 info attempt registry request try #1 at 9:14:56 AM
175 verbose etag W/"59dd02b3-42001"
176 verbose lastModified Tue, 10 Oct 2017 17:26:11 GMT
177 http request GET https://registry.npmjs.org/material-ui
178 verbose request uri https://registry.npmjs.org/react-confirm
179 verbose request no auth needed
180 info attempt registry request try #1 at 9:14:56 AM
181 verbose etag W/"59be7d7c-6e99"
182 verbose lastModified Sun, 17 Sep 2017 13:49:48 GMT
183 http request GET https://registry.npmjs.org/react-confirm
184 verbose request uri https://registry.npmjs.org/react
185 verbose request no auth needed
186 info attempt registry request try #1 at 9:14:56 AM
187 verbose etag W/"59e2ae0a-30424"
188 verbose lastModified Sun, 15 Oct 2017 00:38:34 GMT
189 http request GET https://registry.npmjs.org/react
190 verbose request uri https://registry.npmjs.org/react-file-download
191 verbose request no auth needed
192 info attempt registry request try #1 at 9:14:56 AM
193 verbose etag W/"59dc61c7-454c"
194 verbose lastModified Tue, 10 Oct 2017 05:59:35 GMT
195 http request GET https://registry.npmjs.org/react-file-download
196 verbose request uri https://registry.npmjs.org/react-dom
197 verbose request no auth needed
198 info attempt registry request try #1 at 9:14:56 AM
199 verbose etag W/"59df10dc-1ed4a"
200 verbose lastModified Thu, 12 Oct 2017 06:51:08 GMT
201 http request GET https://registry.npmjs.org/react-dom
202 verbose request uri https://registry.npmjs.org/react-bootstrap
203 verbose request no auth needed
204 info attempt registry request try #1 at 9:14:56 AM
205 verbose etag W/"59d31bbb-57695"
206 verbose lastModified Tue, 03 Oct 2017 05:10:19 GMT
207 http request GET https://registry.npmjs.org/react-bootstrap
208 verbose request uri https://registry.npmjs.org/react-router-dom
209 verbose request no auth needed
210 info attempt registry request try #1 at 9:14:56 AM
211 verbose etag W/"59da7866-a8f0"
212 verbose lastModified Sun, 08 Oct 2017 19:11:34 GMT
213 http request GET https://registry.npmjs.org/react-router-dom
214 verbose request uri https://registry.npmjs.org/react-image
215 verbose request no auth needed
216 info attempt registry request try #1 at 9:14:56 AM
217 verbose etag W/"59d71c8a-3a7d"
218 verbose lastModified Fri, 06 Oct 2017 06:02:50 GMT
219 http request GET https://registry.npmjs.org/react-image
220 verbose request uri https://registry.npmjs.org/react-files
221 verbose request no auth needed
222 info attempt registry request try #1 at 9:14:56 AM
223 verbose etag W/"59ad153b-c978"
224 verbose lastModified Mon, 04 Sep 2017 08:56:27 GMT
225 http request GET https://registry.npmjs.org/react-files
226 verbose request uri https://registry.npmjs.org/react-tap-event-plugin
227 verbose request no auth needed
228 info attempt registry request try #1 at 9:14:56 AM
229 verbose etag W/"59cf8be9-6fc5"
230 verbose lastModified Sat, 30 Sep 2017 12:19:53 GMT
231 http request GET https://registry.npmjs.org/react-tap-event-plugin
232 verbose request uri https://registry.npmjs.org/react-scripts
233 verbose request no auth needed
234 info attempt registry request try #1 at 9:14:56 AM
235 verbose etag W/"59da20ef-2988a"
236 verbose lastModified Sun, 08 Oct 2017 12:58:23 GMT
237 http request GET https://registry.npmjs.org/react-scripts
238 verbose request uri https://registry.npmjs.org/jquery
239 verbose request no auth needed
240 info attempt registry request try #1 at 9:14:56 AM
241 verbose etag W/"59df7201-162d4"
242 verbose lastModified Thu, 12 Oct 2017 13:45:37 GMT
243 http request GET https://registry.npmjs.org/jquery
244 verbose request uri https://registry.npmjs.org/jquery
245 verbose request no auth needed
246 info attempt registry request try #1 at 9:14:56 AM
247 verbose etag W/"59df7201-162d4"
248 verbose lastModified Thu, 12 Oct 2017 13:45:37 GMT
249 http request GET https://registry.npmjs.org/jquery
250 verbose request uri https://registry.npmjs.org/react-scripts
251 verbose request no auth needed
252 info attempt registry request try #1 at 9:14:56 AM
253 verbose etag W/"59da20ef-2988a"
254 verbose lastModified Sun, 08 Oct 2017 12:58:23 GMT
255 http request GET https://registry.npmjs.org/react-scripts
256 http 304 https://registry.npmjs.org/fs
257 verbose headers { date: 'Sun, 15 Oct 2017 16:14:57 GMT',
257 verbose headers   via: '1.1 varnish',
257 verbose headers   'cache-control': 'max-age=300',
257 verbose headers   etag: 'W/"59d4bff4-dc2"',
257 verbose headers   age: '60',
257 verbose headers   connection: 'keep-alive',
257 verbose headers   'x-served-by': 'cache-sjc3651-SJC',
257 verbose headers   'x-cache': 'HIT',
257 verbose headers   'x-cache-hits': '1',
257 verbose headers   'x-timer': 'S1508084098.557483,VS0,VE0',
257 verbose headers   vary: 'Accept-Encoding, Accept' }
258 silly get cb [ 304,
258 silly get   { date: 'Sun, 15 Oct 2017 16:14:57 GMT',
258 silly get     via: '1.1 varnish',
258 silly get     'cache-control': 'max-age=300',
258 silly get     etag: 'W/"59d4bff4-dc2"',
258 silly get     age: '60',
258 silly get     connection: 'keep-alive',
258 silly get     'x-served-by': 'cache-sjc3651-SJC',
258 silly get     'x-cache': 'HIT',
258 silly get     'x-cache-hits': '1',
258 silly get     'x-timer': 'S1508084098.557483,VS0,VE0',
258 silly get     vary: 'Accept-Encoding, Accept' } ]
259 verbose etag https://registry.npmjs.org/fs from cache
260 verbose get saving fs to C:\Users\Divyang\AppData\Roaming\npm-cache\registry.npmjs.org\fs\.cache.json
261 verbose correctMkdir C:\Users\Divyang\AppData\Roaming\npm-cache correctMkdir not in flight; initializing
262 http 304 https://registry.npmjs.org/axios
263 verbose headers { date: 'Sun, 15 Oct 2017 16:14:57 GMT',
263 verbose headers   via: '1.1 varnish',
263 verbose headers   'cache-control': 'max-age=300',
263 verbose headers   etag: 'W/"59e135a9-173e7"',
263 verbose headers   age: '74',
263 verbose headers   connection: 'keep-alive',
263 verbose headers   'x-served-by': 'cache-sjc3635-SJC',
263 verbose headers   'x-cache': 'HIT',
263 verbose headers   'x-cache-hits': '1',
263 verbose headers   'x-timer': 'S1508084098.556992,VS0,VE1',
263 verbose headers   vary: 'Accept-Encoding, Accept' }
264 silly get cb [ 304,
264 silly get   { date: 'Sun, 15 Oct 2017 16:14:57 GMT',
264 silly get     via: '1.1 varnish',
264 silly get     'cache-control': 'max-age=300',
264 silly get     etag: 'W/"59e135a9-173e7"',
264 silly get     age: '74',
264 silly get     connection: 'keep-alive',
264 silly get     'x-served-by': 'cache-sjc3635-SJC',
264 silly get     'x-cache': 'HIT',
264 silly get     'x-cache-hits': '1',
264 silly get     'x-timer': 'S1508084098.556992,VS0,VE1',
264 silly get     vary: 'Accept-Encoding, Accept' } ]
265 verbose etag https://registry.npmjs.org/axios from cache
266 verbose get saving axios to C:\Users\Divyang\AppData\Roaming\npm-cache\registry.npmjs.org\axios\.cache.json
267 verbose correctMkdir C:\Users\Divyang\AppData\Roaming\npm-cache correctMkdir already in flight; waiting
268 http 304 https://registry.npmjs.org/glob
269 verbose headers { date: 'Sun, 15 Oct 2017 16:14:57 GMT',
269 verbose headers   via: '1.1 varnish',
269 verbose headers   'cache-control': 'max-age=300',
269 verbose headers   etag: 'W/"59ddeff9-1ffce"',
269 verbose headers   age: '288',
269 verbose headers   connection: 'keep-alive',
269 verbose headers   'x-served-by': 'cache-sjc3621-SJC',
269 verbose headers   'x-cache': 'HIT',
269 verbose headers   'x-cache-hits': '10',
269 verbose headers   'x-timer': 'S1508084098.557370,VS0,VE0',
269 verbose headers   vary: 'Accept-Encoding, Accept' }
270 silly get cb [ 304,
270 silly get   { date: 'Sun, 15 Oct 2017 16:14:57 GMT',
270 silly get     via: '1.1 varnish',
270 silly get     'cache-control': 'max-age=300',
270 silly get     etag: 'W/"59ddeff9-1ffce"',
270 silly get     age: '288',
270 silly get     connection: 'keep-alive',
270 silly get     'x-served-by': 'cache-sjc3621-SJC',
270 silly get     'x-cache': 'HIT',
270 silly get     'x-cache-hits': '10',
270 silly get     'x-timer': 'S1508084098.557370,VS0,VE0',
270 silly get     vary: 'Accept-Encoding, Accept' } ]
271 verbose etag https://registry.npmjs.org/glob from cache
272 verbose get saving glob to C:\Users\Divyang\AppData\Roaming\npm-cache\registry.npmjs.org\glob\.cache.json
273 verbose correctMkdir C:\Users\Divyang\AppData\Roaming\npm-cache correctMkdir already in flight; waiting
274 http 304 https://registry.npmjs.org/react-dom
275 verbose headers { date: 'Sun, 15 Oct 2017 16:14:57 GMT',
275 verbose headers   via: '1.1 varnish',
275 verbose headers   'cache-control': 'max-age=300',
275 verbose headers   etag: 'W/"59df10dc-1ed4a"',
275 verbose headers   age: '220',
275 verbose headers   connection: 'keep-alive',
275 verbose headers   'x-served-by': 'cache-sjc3125-SJC',
275 verbose headers   'x-cache': 'HIT',
275 verbose headers   'x-cache-hits': '1',
275 verbose headers   'x-timer': 'S1508084098.563487,VS0,VE1',
275 verbose headers   vary: 'Accept-Encoding, Accept' }
276 silly get cb [ 304,
276 silly get   { date: 'Sun, 15 Oct 2017 16:14:57 GMT',
276 silly get     via: '1.1 varnish',
276 silly get     'cache-control': 'max-age=300',
276 silly get     etag: 'W/"59df10dc-1ed4a"',
276 silly get     age: '220',
276 silly get     connection: 'keep-alive',
276 silly get     'x-served-by': 'cache-sjc3125-SJC',
276 silly get     'x-cache': 'HIT',
276 silly get     'x-cache-hits': '1',
276 silly get     'x-timer': 'S1508084098.563487,VS0,VE1',
276 silly get     vary: 'Accept-Encoding, Accept' } ]
277 verbose etag https://registry.npmjs.org/react-dom from cache
278 verbose get saving react-dom to C:\Users\Divyang\AppData\Roaming\npm-cache\registry.npmjs.org\react-dom\.cache.json
279 verbose correctMkdir C:\Users\Divyang\AppData\Roaming\npm-cache correctMkdir already in flight; waiting
280 http 304 https://registry.npmjs.org/prop-types
281 verbose headers { date: 'Sun, 15 Oct 2017 16:14:57 GMT',
281 verbose headers   via: '1.1 varnish',
281 verbose headers   'cache-control': 'max-age=300',
281 verbose headers   etag: 'W/"59df0ea5-aa85"',
281 verbose headers   age: '300',
281 verbose headers   connection: 'keep-alive',
281 verbose headers   'x-served-by': 'cache-sjc3132-SJC',
281 verbose headers   'x-cache': 'HIT',
281 verbose headers   'x-cache-hits': '1',
281 verbose headers   'x-timer': 'S1508084098.563389,VS0,VE1',
281 verbose headers   vary: 'Accept-Encoding, Accept' }
282 silly get cb [ 304,
282 silly get   { date: 'Sun, 15 Oct 2017 16:14:57 GMT',
282 silly get     via: '1.1 varnish',
282 silly get     'cache-control': 'max-age=300',
282 silly get     etag: 'W/"59df0ea5-aa85"',
282 silly get     age: '300',
282 silly get     connection: 'keep-alive',
282 silly get     'x-served-by': 'cache-sjc3132-SJC',
282 silly get     'x-cache': 'HIT',
282 silly get     'x-cache-hits': '1',
282 silly get     'x-timer': 'S1508084098.563389,VS0,VE1',
282 silly get     vary: 'Accept-Encoding, Accept' } ]
283 verbose etag https://registry.npmjs.org/prop-types from cache
284 verbose get saving prop-types to C:\Users\Divyang\AppData\Roaming\npm-cache\registry.npmjs.org\prop-types\.cache.json
285 verbose correctMkdir C:\Users\Divyang\AppData\Roaming\npm-cache correctMkdir already in flight; waiting
286 http 304 https://registry.npmjs.org/react
287 verbose headers { date: 'Sun, 15 Oct 2017 16:14:57 GMT',
287 verbose headers   via: '1.1 varnish',
287 verbose headers   'cache-control': 'max-age=300',
287 verbose headers   etag: 'W/"59e2ae0a-30424"',
287 verbose headers   age: '53',
287 verbose headers   connection: 'keep-alive',
287 verbose headers   'x-served-by': 'cache-sjc3637-SJC',
287 verbose headers   'x-cache': 'HIT',
287 verbose headers   'x-cache-hits': '1',
287 verbose headers   'x-timer': 'S1508084098.563802,VS0,VE1',
287 verbose headers   vary: 'Accept-Encoding, Accept' }
288 silly get cb [ 304,
288 silly get   { date: 'Sun, 15 Oct 2017 16:14:57 GMT',
288 silly get     via: '1.1 varnish',
288 silly get     'cache-control': 'max-age=300',
288 silly get     etag: 'W/"59e2ae0a-30424"',
288 silly get     age: '53',
288 silly get     connection: 'keep-alive',
288 silly get     'x-served-by': 'cache-sjc3637-SJC',
288 silly get     'x-cache': 'HIT',
288 silly get     'x-cache-hits': '1',
288 silly get     'x-timer': 'S1508084098.563802,VS0,VE1',
288 silly get     vary: 'Accept-Encoding, Accept' } ]
289 verbose etag https://registry.npmjs.org/react from cache
290 verbose get saving react to C:\Users\Divyang\AppData\Roaming\npm-cache\registry.npmjs.org\react\.cache.json
291 verbose correctMkdir C:\Users\Divyang\AppData\Roaming\npm-cache correctMkdir already in flight; waiting
292 http 304 https://registry.npmjs.org/jquery
293 verbose headers { date: 'Sun, 15 Oct 2017 16:14:57 GMT',
293 verbose headers   via: '1.1 varnish',
293 verbose headers   'cache-control': 'max-age=300',
293 verbose headers   etag: 'W/"59df7201-162d4"',
293 verbose headers   age: '242',
293 verbose headers   connection: 'keep-alive',
293 verbose headers   'x-served-by': 'cache-sjc3143-SJC',
293 verbose headers   'x-cache': 'HIT',
293 verbose headers   'x-cache-hits': '1',
293 verbose headers   'x-timer': 'S1508084098.567968,VS0,VE1',
293 verbose headers   vary: 'Accept-Encoding, Accept' }
294 silly get cb [ 304,
294 silly get   { date: 'Sun, 15 Oct 2017 16:14:57 GMT',
294 silly get     via: '1.1 varnish',
294 silly get     'cache-control': 'max-age=300',
294 silly get     etag: 'W/"59df7201-162d4"',
294 silly get     age: '242',
294 silly get     connection: 'keep-alive',
294 silly get     'x-served-by': 'cache-sjc3143-SJC',
294 silly get     'x-cache': 'HIT',
294 silly get     'x-cache-hits': '1',
294 silly get     'x-timer': 'S1508084098.567968,VS0,VE1',
294 silly get     vary: 'Accept-Encoding, Accept' } ]
295 verbose etag https://registry.npmjs.org/jquery from cache
296 verbose get saving jquery to C:\Users\Divyang\AppData\Roaming\npm-cache\registry.npmjs.org\jquery\.cache.json
297 verbose correctMkdir C:\Users\Divyang\AppData\Roaming\npm-cache correctMkdir already in flight; waiting
298 http 304 https://registry.npmjs.org/gh-pages
299 verbose headers { date: 'Sun, 15 Oct 2017 16:14:57 GMT',
299 verbose headers   via: '1.1 varnish',
299 verbose headers   'cache-control': 'max-age=300',
299 verbose headers   etag: 'W/"59ccb613-8062"',
299 verbose headers   age: '0',
299 verbose headers   connection: 'keep-alive',
299 verbose headers   'x-served-by': 'cache-sjc3627-SJC',
299 verbose headers   'x-cache': 'HIT',
299 verbose headers   'x-cache-hits': '1',
299 verbose headers   'x-timer': 'S1508084098.558393,VS0,VE22',
299 verbose headers   vary: 'Accept-Encoding, Accept' }
300 silly get cb [ 304,
300 silly get   { date: 'Sun, 15 Oct 2017 16:14:57 GMT',
300 silly get     via: '1.1 varnish',
300 silly get     'cache-control': 'max-age=300',
300 silly get     etag: 'W/"59ccb613-8062"',
300 silly get     age: '0',
300 silly get     connection: 'keep-alive',
300 silly get     'x-served-by': 'cache-sjc3627-SJC',
300 silly get     'x-cache': 'HIT',
300 silly get     'x-cache-hits': '1',
300 silly get     'x-timer': 'S1508084098.558393,VS0,VE22',
300 silly get     vary: 'Accept-Encoding, Accept' } ]
301 verbose etag https://registry.npmjs.org/gh-pages from cache
302 verbose get saving gh-pages to C:\Users\Divyang\AppData\Roaming\npm-cache\registry.npmjs.org\gh-pages\.cache.json
303 verbose correctMkdir C:\Users\Divyang\AppData\Roaming\npm-cache correctMkdir already in flight; waiting
304 http 200 https://registry.npmjs.org/jQuery
305 verbose headers { server: 'nginx/1.10.1',
305 verbose headers   'content-type': 'application/json',
305 verbose headers   'last-modified': 'Thu, 05 Oct 2017 14:12:57 GMT',
305 verbose headers   etag: 'W/"59d63de9-1fa3"',
305 verbose headers   'content-encoding': 'gzip',
305 verbose headers   'cache-control': 'max-age=300',
305 verbose headers   'content-length': '1950',
305 verbose headers   'accept-ranges': 'bytes',
305 verbose headers   date: 'Sun, 15 Oct 2017 16:14:57 GMT',
305 verbose headers   via: '1.1 varnish',
305 verbose headers   age: '0',
305 verbose headers   connection: 'keep-alive',
305 verbose headers   'x-served-by': 'cache-sjc3139-SJC',
305 verbose headers   'x-cache': 'MISS',
305 verbose headers   'x-cache-hits': '0',
305 verbose headers   'x-timer': 'S1508084098.557696,VS0,VE22',
305 verbose headers   vary: 'Accept-Encoding, Accept' }
306 silly get cb [ 200,
306 silly get   { server: 'nginx/1.10.1',
306 silly get     'content-type': 'application/json',
306 silly get     'last-modified': 'Thu, 05 Oct 2017 14:12:57 GMT',
306 silly get     etag: 'W/"59d63de9-1fa3"',
306 silly get     'content-encoding': 'gzip',
306 silly get     'cache-control': 'max-age=300',
306 silly get     'content-length': '1950',
306 silly get     'accept-ranges': 'bytes',
306 silly get     date: 'Sun, 15 Oct 2017 16:14:57 GMT',
306 silly get     via: '1.1 varnish',
306 silly get     age: '0',
306 silly get     connection: 'keep-alive',
306 silly get     'x-served-by': 'cache-sjc3139-SJC',
306 silly get     'x-cache': 'MISS',
306 silly get     'x-cache-hits': '0',
306 silly get     'x-timer': 'S1508084098.557696,VS0,VE22',
306 silly get     vary: 'Accept-Encoding, Accept' } ]
307 verbose get saving jQuery to C:\Users\Divyang\AppData\Roaming\npm-cache\registry.npmjs.org\jQuery\.cache.json
308 verbose correctMkdir C:\Users\Divyang\AppData\Roaming\npm-cache correctMkdir not in flight; initializing
309 http 304 https://registry.npmjs.org/jquery
310 verbose headers { date: 'Sun, 15 Oct 2017 16:14:57 GMT',
310 verbose headers   via: '1.1 varnish',
310 verbose headers   'cache-control': 'max-age=300',
310 verbose headers   etag: 'W/"59df7201-162d4"',
310 verbose headers   age: '242',
310 verbose headers   connection: 'keep-alive',
310 verbose headers   'x-served-by': 'cache-sjc3144-SJC',
310 verbose headers   'x-cache': 'HIT',
310 verbose headers   'x-cache-hits': '1',
310 verbose headers   'x-timer': 'S1508084098.627048,VS0,VE0',
310 verbose headers   vary: 'Accept-Encoding, Accept' }
311 silly get cb [ 304,
311 silly get   { date: 'Sun, 15 Oct 2017 16:14:57 GMT',
311 silly get     via: '1.1 varnish',
311 silly get     'cache-control': 'max-age=300',
311 silly get     etag: 'W/"59df7201-162d4"',
311 silly get     age: '242',
311 silly get     connection: 'keep-alive',
311 silly get     'x-served-by': 'cache-sjc3144-SJC',
311 silly get     'x-cache': 'HIT',
311 silly get     'x-cache-hits': '1',
311 silly get     'x-timer': 'S1508084098.627048,VS0,VE0',
311 silly get     vary: 'Accept-Encoding, Accept' } ]
312 verbose etag https://registry.npmjs.org/jquery from cache
313 verbose get saving jquery to C:\Users\Divyang\AppData\Roaming\npm-cache\registry.npmjs.org\jquery\.cache.json
314 verbose correctMkdir C:\Users\Divyang\AppData\Roaming\npm-cache correctMkdir not in flight; initializing
315 http 304 https://registry.npmjs.org/react-confirm
316 verbose headers { date: 'Sun, 15 Oct 2017 16:14:57 GMT',
316 verbose headers   via: '1.1 varnish',
316 verbose headers   'cache-control': 'max-age=300',
316 verbose headers   etag: 'W/"59be7d7c-6e99"',
316 verbose headers   age: '0',
316 verbose headers   connection: 'keep-alive',
316 verbose headers   'x-served-by': 'cache-sjc3145-SJC',
316 verbose headers   'x-cache': 'MISS',
316 verbose headers   'x-cache-hits': '0',
316 verbose headers   'x-timer': 'S1508084098.557881,VS0,VE120',
316 verbose headers   vary: 'Accept-Encoding, Accept' }
317 silly get cb [ 304,
317 silly get   { date: 'Sun, 15 Oct 2017 16:14:57 GMT',
317 silly get     via: '1.1 varnish',
317 silly get     'cache-control': 'max-age=300',
317 silly get     etag: 'W/"59be7d7c-6e99"',
317 silly get     age: '0',
317 silly get     connection: 'keep-alive',
317 silly get     'x-served-by': 'cache-sjc3145-SJC',
317 silly get     'x-cache': 'MISS',
317 silly get     'x-cache-hits': '0',
317 silly get     'x-timer': 'S1508084098.557881,VS0,VE120',
317 silly get     vary: 'Accept-Encoding, Accept' } ]
318 verbose etag https://registry.npmjs.org/react-confirm from cache
319 verbose get saving react-confirm to C:\Users\Divyang\AppData\Roaming\npm-cache\registry.npmjs.org\react-confirm\.cache.json
320 verbose correctMkdir C:\Users\Divyang\AppData\Roaming\npm-cache correctMkdir not in flight; initializing
321 http 304 https://registry.npmjs.org/isomorphic-style-loader
322 verbose headers { date: 'Sun, 15 Oct 2017 16:14:57 GMT',
322 verbose headers   via: '1.1 varnish',
322 verbose headers   'cache-control': 'max-age=300',
322 verbose headers   etag: 'W/"5992b80c-b0dc"',
322 verbose headers   age: '0',
322 verbose headers   connection: 'keep-alive',
322 verbose headers   'x-served-by': 'cache-sjc3129-SJC',
322 verbose headers   'x-cache': 'MISS',
322 verbose headers   'x-cache-hits': '0',
322 verbose headers   'x-timer': 'S1508084098.557883,VS0,VE121',
322 verbose headers   vary: 'Accept-Encoding, Accept' }
323 silly get cb [ 304,
323 silly get   { date: 'Sun, 15 Oct 2017 16:14:57 GMT',
323 silly get     via: '1.1 varnish',
323 silly get     'cache-control': 'max-age=300',
323 silly get     etag: 'W/"5992b80c-b0dc"',
323 silly get     age: '0',
323 silly get     connection: 'keep-alive',
323 silly get     'x-served-by': 'cache-sjc3129-SJC',
323 silly get     'x-cache': 'MISS',
323 silly get     'x-cache-hits': '0',
323 silly get     'x-timer': 'S1508084098.557883,VS0,VE121',
323 silly get     vary: 'Accept-Encoding, Accept' } ]
324 verbose etag https://registry.npmjs.org/isomorphic-style-loader from cache
325 verbose get saving isomorphic-style-loader to C:\Users\Divyang\AppData\Roaming\npm-cache\registry.npmjs.org\isomorphic-style-loader\.cache.json
326 verbose correctMkdir C:\Users\Divyang\AppData\Roaming\npm-cache correctMkdir not in flight; initializing
327 http 304 https://registry.npmjs.org/material-ui
328 verbose headers { date: 'Sun, 15 Oct 2017 16:14:57 GMT',
328 verbose headers   via: '1.1 varnish',
328 verbose headers   'cache-control': 'max-age=300',
328 verbose headers   etag: 'W/"59dd02b3-42001"',
328 verbose headers   age: '0',
328 verbose headers   connection: 'keep-alive',
328 verbose headers   'x-served-by': 'cache-sjc3626-SJC',
328 verbose headers   'x-cache': 'HIT',
328 verbose headers   'x-cache-hits': '1',
328 verbose headers   'x-timer': 'S1508084098.557326,VS0,VE121',
328 verbose headers   vary: 'Accept-Encoding, Accept' }
329 silly get cb [ 304,
329 silly get   { date: 'Sun, 15 Oct 2017 16:14:57 GMT',
329 silly get     via: '1.1 varnish',
329 silly get     'cache-control': 'max-age=300',
329 silly get     etag: 'W/"59dd02b3-42001"',
329 silly get     age: '0',
329 silly get     connection: 'keep-alive',
329 silly get     'x-served-by': 'cache-sjc3626-SJC',
329 silly get     'x-cache': 'HIT',
329 silly get     'x-cache-hits': '1',
329 silly get     'x-timer': 'S1508084098.557326,VS0,VE121',
329 silly get     vary: 'Accept-Encoding, Accept' } ]
330 verbose etag https://registry.npmjs.org/material-ui from cache
331 verbose get saving material-ui to C:\Users\Divyang\AppData\Roaming\npm-cache\registry.npmjs.org\material-ui\.cache.json
332 verbose correctMkdir C:\Users\Divyang\AppData\Roaming\npm-cache correctMkdir not in flight; initializing
333 http 304 https://registry.npmjs.org/bootstrap
334 verbose headers { date: 'Sun, 15 Oct 2017 16:14:57 GMT',
334 verbose headers   via: '1.1 varnish',
334 verbose headers   'cache-control': 'max-age=300',
334 verbose headers   etag: 'W/"59ddb381-e3dc"',
334 verbose headers   age: '0',
334 verbose headers   connection: 'keep-alive',
334 verbose headers   'x-served-by': 'cache-sjc3134-SJC',
334 verbose headers   'x-cache': 'HIT',
334 verbose headers   'x-cache-hits': '1',
334 verbose headers   'x-timer': 'S1508084098.557818,VS0,VE122',
334 verbose headers   vary: 'Accept-Encoding, Accept' }
335 silly get cb [ 304,
335 silly get   { date: 'Sun, 15 Oct 2017 16:14:57 GMT',
335 silly get     via: '1.1 varnish',
335 silly get     'cache-control': 'max-age=300',
335 silly get     etag: 'W/"59ddb381-e3dc"',
335 silly get     age: '0',
335 silly get     connection: 'keep-alive',
335 silly get     'x-served-by': 'cache-sjc3134-SJC',
335 silly get     'x-cache': 'HIT',
335 silly get     'x-cache-hits': '1',
335 silly get     'x-timer': 'S1508084098.557818,VS0,VE122',
335 silly get     vary: 'Accept-Encoding, Accept' } ]
336 verbose etag https://registry.npmjs.org/bootstrap from cache
337 verbose get saving bootstrap to C:\Users\Divyang\AppData\Roaming\npm-cache\registry.npmjs.org\bootstrap\.cache.json
338 verbose correctMkdir C:\Users\Divyang\AppData\Roaming\npm-cache correctMkdir not in flight; initializing
339 http 304 https://registry.npmjs.org/react-bootstrap
340 verbose headers { date: 'Sun, 15 Oct 2017 16:14:57 GMT',
340 verbose headers   via: '1.1 varnish',
340 verbose headers   'cache-control': 'max-age=300',
340 verbose headers   etag: 'W/"59d31bbb-57695"',
340 verbose headers   age: '0',
340 verbose headers   connection: 'keep-alive',
340 verbose headers   'x-served-by': 'cache-sjc3129-SJC',
340 verbose headers   'x-cache': 'HIT',
340 verbose headers   'x-cache-hits': '1',
340 verbose headers   'x-timer': 'S1508084098.563968,VS0,VE118',
340 verbose headers   vary: 'Accept-Encoding, Accept' }
341 silly get cb [ 304,
341 silly get   { date: 'Sun, 15 Oct 2017 16:14:57 GMT',
341 silly get     via: '1.1 varnish',
341 silly get     'cache-control': 'max-age=300',
341 silly get     etag: 'W/"59d31bbb-57695"',
341 silly get     age: '0',
341 silly get     connection: 'keep-alive',
341 silly get     'x-served-by': 'cache-sjc3129-SJC',
341 silly get     'x-cache': 'HIT',
341 silly get     'x-cache-hits': '1',
341 silly get     'x-timer': 'S1508084098.563968,VS0,VE118',
341 silly get     vary: 'Accept-Encoding, Accept' } ]
342 verbose etag https://registry.npmjs.org/react-bootstrap from cache
343 verbose get saving react-bootstrap to C:\Users\Divyang\AppData\Roaming\npm-cache\registry.npmjs.org\react-bootstrap\.cache.json
344 verbose correctMkdir C:\Users\Divyang\AppData\Roaming\npm-cache correctMkdir not in flight; initializing
345 http 304 https://registry.npmjs.org/react-image
346 verbose headers { date: 'Sun, 15 Oct 2017 16:14:57 GMT',
346 verbose headers   via: '1.1 varnish',
346 verbose headers   'cache-control': 'max-age=300',
346 verbose headers   etag: 'W/"59d71c8a-3a7d"',
346 verbose headers   age: '0',
346 verbose headers   connection: 'keep-alive',
346 verbose headers   'x-served-by': 'cache-sjc3122-SJC',
346 verbose headers   'x-cache': 'MISS',
346 verbose headers   'x-cache-hits': '0',
346 verbose headers   'x-timer': 'S1508084098.563973,VS0,VE123',
346 verbose headers   vary: 'Accept-Encoding, Accept' }
347 silly get cb [ 304,
347 silly get   { date: 'Sun, 15 Oct 2017 16:14:57 GMT',
347 silly get     via: '1.1 varnish',
347 silly get     'cache-control': 'max-age=300',
347 silly get     etag: 'W/"59d71c8a-3a7d"',
347 silly get     age: '0',
347 silly get     connection: 'keep-alive',
347 silly get     'x-served-by': 'cache-sjc3122-SJC',
347 silly get     'x-cache': 'MISS',
347 silly get     'x-cache-hits': '0',
347 silly get     'x-timer': 'S1508084098.563973,VS0,VE123',
347 silly get     vary: 'Accept-Encoding, Accept' } ]
348 verbose etag https://registry.npmjs.org/react-image from cache
349 verbose get saving react-image to C:\Users\Divyang\AppData\Roaming\npm-cache\registry.npmjs.org\react-image\.cache.json
350 verbose correctMkdir C:\Users\Divyang\AppData\Roaming\npm-cache correctMkdir not in flight; initializing
351 http 304 https://registry.npmjs.org/react-file-download
352 verbose headers { date: 'Sun, 15 Oct 2017 16:14:57 GMT',
352 verbose headers   via: '1.1 varnish',
352 verbose headers   'cache-control': 'max-age=300',
352 verbose headers   etag: 'W/"59dc61c7-454c"',
352 verbose headers   age: '0',
352 verbose headers   connection: 'keep-alive',
352 verbose headers   'x-served-by': 'cache-sjc3641-SJC',
352 verbose headers   'x-cache': 'MISS',
352 verbose headers   'x-cache-hits': '0',
352 verbose headers   'x-timer': 'S1508084098.563237,VS0,VE123',
352 verbose headers   vary: 'Accept-Encoding, Accept' }
353 silly get cb [ 304,
353 silly get   { date: 'Sun, 15 Oct 2017 16:14:57 GMT',
353 silly get     via: '1.1 varnish',
353 silly get     'cache-control': 'max-age=300',
353 silly get     etag: 'W/"59dc61c7-454c"',
353 silly get     age: '0',
353 silly get     connection: 'keep-alive',
353 silly get     'x-served-by': 'cache-sjc3641-SJC',
353 silly get     'x-cache': 'MISS',
353 silly get     'x-cache-hits': '0',
353 silly get     'x-timer': 'S1508084098.563237,VS0,VE123',
353 silly get     vary: 'Accept-Encoding, Accept' } ]
354 verbose etag https://registry.npmjs.org/react-file-download from cache
355 verbose get saving react-file-download to C:\Users\Divyang\AppData\Roaming\npm-cache\registry.npmjs.org\react-file-download\.cache.json
356 verbose correctMkdir C:\Users\Divyang\AppData\Roaming\npm-cache correctMkdir not in flight; initializing
357 http 304 https://registry.npmjs.org/react-tap-event-plugin
358 verbose headers { date: 'Sun, 15 Oct 2017 16:14:57 GMT',
358 verbose headers   via: '1.1 varnish',
358 verbose headers   'cache-control': 'max-age=300',
358 verbose headers   etag: 'W/"59cf8be9-6fc5"',
358 verbose headers   age: '0',
358 verbose headers   connection: 'keep-alive',
358 verbose headers   'x-served-by': 'cache-sjc3635-SJC',
358 verbose headers   'x-cache': 'HIT',
358 verbose headers   'x-cache-hits': '1',
358 verbose headers   'x-timer': 'S1508084098.562965,VS0,VE123',
358 verbose headers   vary: 'Accept-Encoding, Accept' }
359 silly get cb [ 304,
359 silly get   { date: 'Sun, 15 Oct 2017 16:14:57 GMT',
359 silly get     via: '1.1 varnish',
359 silly get     'cache-control': 'max-age=300',
359 silly get     etag: 'W/"59cf8be9-6fc5"',
359 silly get     age: '0',
359 silly get     connection: 'keep-alive',
359 silly get     'x-served-by': 'cache-sjc3635-SJC',
359 silly get     'x-cache': 'HIT',
359 silly get     'x-cache-hits': '1',
359 silly get     'x-timer': 'S1508084098.562965,VS0,VE123',
359 silly get     vary: 'Accept-Encoding, Accept' } ]
360 verbose etag https://registry.npmjs.org/react-tap-event-plugin from cache
361 verbose get saving react-tap-event-plugin to C:\Users\Divyang\AppData\Roaming\npm-cache\registry.npmjs.org\react-tap-event-plugin\.cache.json
362 verbose correctMkdir C:\Users\Divyang\AppData\Roaming\npm-cache correctMkdir not in flight; initializing
363 http 304 https://registry.npmjs.org/react-router-dom
364 verbose headers { date: 'Sun, 15 Oct 2017 16:14:57 GMT',
364 verbose headers   via: '1.1 varnish',
364 verbose headers   'cache-control': 'max-age=300',
364 verbose headers   etag: 'W/"59da7866-a8f0"',
364 verbose headers   age: '0',
364 verbose headers   connection: 'keep-alive',
364 verbose headers   'x-served-by': 'cache-sjc3120-SJC',
364 verbose headers   'x-cache': 'HIT',
364 verbose headers   'x-cache-hits': '1',
364 verbose headers   'x-timer': 'S1508084098.563363,VS0,VE124',
364 verbose headers   vary: 'Accept-Encoding, Accept' }
365 silly get cb [ 304,
365 silly get   { date: 'Sun, 15 Oct 2017 16:14:57 GMT',
365 silly get     via: '1.1 varnish',
365 silly get     'cache-control': 'max-age=300',
365 silly get     etag: 'W/"59da7866-a8f0"',
365 silly get     age: '0',
365 silly get     connection: 'keep-alive',
365 silly get     'x-served-by': 'cache-sjc3120-SJC',
365 silly get     'x-cache': 'HIT',
365 silly get     'x-cache-hits': '1',
365 silly get     'x-timer': 'S1508084098.563363,VS0,VE124',
365 silly get     vary: 'Accept-Encoding, Accept' } ]
366 verbose etag https://registry.npmjs.org/react-router-dom from cache
367 verbose get saving react-router-dom to C:\Users\Divyang\AppData\Roaming\npm-cache\registry.npmjs.org\react-router-dom\.cache.json
368 verbose correctMkdir C:\Users\Divyang\AppData\Roaming\npm-cache correctMkdir not in flight; initializing
369 http 304 https://registry.npmjs.org/react-files
370 verbose headers { date: 'Sun, 15 Oct 2017 16:14:57 GMT',
370 verbose headers   via: '1.1 varnish',
370 verbose headers   'cache-control': 'max-age=300',
370 verbose headers   etag: 'W/"59ad153b-c978"',
370 verbose headers   age: '0',
370 verbose headers   connection: 'keep-alive',
370 verbose headers   'x-served-by': 'cache-sjc3146-SJC',
370 verbose headers   'x-cache': 'MISS',
370 verbose headers   'x-cache-hits': '0',
370 verbose headers   'x-timer': 'S1508084098.581898,VS0,VE122',
370 verbose headers   vary: 'Accept-Encoding, Accept' }
371 silly get cb [ 304,
371 silly get   { date: 'Sun, 15 Oct 2017 16:14:57 GMT',
371 silly get     via: '1.1 varnish',
371 silly get     'cache-control': 'max-age=300',
371 silly get     etag: 'W/"59ad153b-c978"',
371 silly get     age: '0',
371 silly get     connection: 'keep-alive',
371 silly get     'x-served-by': 'cache-sjc3146-SJC',
371 silly get     'x-cache': 'MISS',
371 silly get     'x-cache-hits': '0',
371 silly get     'x-timer': 'S1508084098.581898,VS0,VE122',
371 silly get     vary: 'Accept-Encoding, Accept' } ]
372 verbose etag https://registry.npmjs.org/react-files from cache
373 verbose get saving react-files to C:\Users\Divyang\AppData\Roaming\npm-cache\registry.npmjs.org\react-files\.cache.json
374 verbose correctMkdir C:\Users\Divyang\AppData\Roaming\npm-cache correctMkdir not in flight; initializing
375 http 304 https://registry.npmjs.org/react-scripts
376 verbose headers { date: 'Sun, 15 Oct 2017 16:14:57 GMT',
376 verbose headers   via: '1.1 varnish',
376 verbose headers   'cache-control': 'max-age=300',
376 verbose headers   etag: 'W/"59da20ef-2988a"',
376 verbose headers   age: '0',
376 verbose headers   connection: 'keep-alive',
376 verbose headers   'x-served-by': 'cache-sjc3648-SJC',
376 verbose headers   'x-cache': 'HIT',
376 verbose headers   'x-cache-hits': '1',
376 verbose headers   'x-timer': 'S1508084098.583502,VS0,VE129',
376 verbose headers   vary: 'Accept-Encoding, Accept' }
377 silly get cb [ 304,
377 silly get   { date: 'Sun, 15 Oct 2017 16:14:57 GMT',
377 silly get     via: '1.1 varnish',
377 silly get     'cache-control': 'max-age=300',
377 silly get     etag: 'W/"59da20ef-2988a"',
377 silly get     age: '0',
377 silly get     connection: 'keep-alive',
377 silly get     'x-served-by': 'cache-sjc3648-SJC',
377 silly get     'x-cache': 'HIT',
377 silly get     'x-cache-hits': '1',
377 silly get     'x-timer': 'S1508084098.583502,VS0,VE129',
377 silly get     vary: 'Accept-Encoding, Accept' } ]
378 verbose etag https://registry.npmjs.org/react-scripts from cache
379 verbose get saving react-scripts to C:\Users\Divyang\AppData\Roaming\npm-cache\registry.npmjs.org\react-scripts\.cache.json
380 verbose correctMkdir C:\Users\Divyang\AppData\Roaming\npm-cache correctMkdir not in flight; initializing
381 http 304 https://registry.npmjs.org/react-scripts
382 verbose headers { date: 'Sun, 15 Oct 2017 16:14:57 GMT',
382 verbose headers   via: '1.1 varnish',
382 verbose headers   'cache-control': 'max-age=300',
382 verbose headers   etag: 'W/"59da20ef-2988a"',
382 verbose headers   age: '0',
382 verbose headers   connection: 'keep-alive',
382 verbose headers   'x-served-by': 'cache-sjc3126-SJC',
382 verbose headers   'x-cache': 'HIT',
382 verbose headers   'x-cache-hits': '1',
382 verbose headers   'x-timer': 'S1508084098.582603,VS0,VE130',
382 verbose headers   vary: 'Accept-Encoding, Accept' }
383 silly get cb [ 304,
383 silly get   { date: 'Sun, 15 Oct 2017 16:14:57 GMT',
383 silly get     via: '1.1 varnish',
383 silly get     'cache-control': 'max-age=300',
383 silly get     etag: 'W/"59da20ef-2988a"',
383 silly get     age: '0',
383 silly get     connection: 'keep-alive',
383 silly get     'x-served-by': 'cache-sjc3126-SJC',
383 silly get     'x-cache': 'HIT',
383 silly get     'x-cache-hits': '1',
383 silly get     'x-timer': 'S1508084098.582603,VS0,VE130',
383 silly get     vary: 'Accept-Encoding, Accept' } ]
384 verbose etag https://registry.npmjs.org/react-scripts from cache
385 verbose get saving react-scripts to C:\Users\Divyang\AppData\Roaming\npm-cache\registry.npmjs.org\react-scripts\.cache.json
386 verbose correctMkdir C:\Users\Divyang\AppData\Roaming\npm-cache correctMkdir not in flight; initializing
387 http 404 https://registry.npmjs.org/YourDialog
388 verbose headers { 'content-type': 'application/json',
388 verbose headers   'cache-control': 'max-age=0',
388 verbose headers   'content-length': '2',
388 verbose headers   'accept-ranges': 'bytes',
388 verbose headers   date: 'Sun, 15 Oct 2017 16:14:57 GMT',
388 verbose headers   via: '1.1 varnish',
388 verbose headers   age: '0',
388 verbose headers   connection: 'keep-alive',
388 verbose headers   'x-served-by': 'cache-sjc3136-SJC',
388 verbose headers   'x-cache': 'MISS',
388 verbose headers   'x-cache-hits': '0',
388 verbose headers   'x-timer': 'S1508084098.543628,VS0,VE276',
388 verbose headers   vary: 'Accept-Encoding' }
389 silly get cb [ 404,
389 silly get   { 'content-type': 'application/json',
389 silly get     'cache-control': 'max-age=0',
389 silly get     'content-length': '2',
389 silly get     'accept-ranges': 'bytes',
389 silly get     date: 'Sun, 15 Oct 2017 16:14:57 GMT',
389 silly get     via: '1.1 varnish',
389 silly get     age: '0',
389 silly get     connection: 'keep-alive',
389 silly get     'x-served-by': 'cache-sjc3136-SJC',
389 silly get     'x-cache': 'MISS',
389 silly get     'x-cache-hits': '0',
389 silly get     'x-timer': 'S1508084098.543628,VS0,VE276',
389 silly get     vary: 'Accept-Encoding' } ]
390 verbose stack Error: Registry returned 404 for GET on https://registry.npmjs.org/YourDialog
390 verbose stack     at makeError (C:\Program Files\nodejs\node_modules\npm\node_modules\npm-registry-client\lib\request.js:302:12)
390 verbose stack     at CachingRegistryClient.<anonymous> (C:\Program Files\nodejs\node_modules\npm\node_modules\npm-registry-client\lib\request.js:280:14)
390 verbose stack     at Request._callback (C:\Program Files\nodejs\node_modules\npm\node_modules\npm-registry-client\lib\request.js:210:14)
390 verbose stack     at Request.self.callback (C:\Program Files\nodejs\node_modules\npm\node_modules\request\request.js:187:22)
390 verbose stack     at emitTwo (events.js:106:13)
390 verbose stack     at Request.emit (events.js:191:7)
390 verbose stack     at Request.<anonymous> (C:\Program Files\nodejs\node_modules\npm\node_modules\request\request.js:1048:10)
390 verbose stack     at emitOne (events.js:96:13)
390 verbose stack     at Request.emit (events.js:188:7)
390 verbose stack     at IncomingMessage.<anonymous> (C:\Program Files\nodejs\node_modules\npm\node_modules\request\request.js:969:12)
391 verbose statusCode 404
392 verbose pkgid YourDialog
393 verbose cwd C:\Users\Divyang\Google Drive\sem1_Works\273\dropbox\react
394 error Windows_NT 6.3.9600
395 error argv "C:\\Program Files\\nodejs\\node.exe" "C:\\Program Files\\nodejs\\node_modules\\npm\\bin\\npm-cli.js" "update" "--scripts-prepend-node-path=auto"
396 error node v6.11.3
397 error npm  v3.10.10
398 error code E404
399 error 404 Registry returned 404 for GET on https://registry.npmjs.org/YourDialog
400 error 404
401 error 404 'YourDialog' is not in the npm registry.
402 error 404 Your package name is not valid, because
403 error 404 1. name can no longer contain capital letters
404 error 404 Note that you can also install from a
405 error 404 tarball, folder, http url, or git url.
406 verbose exit [ 1, true ]
